<?xml version="1.0" encoding="UTF-8"?>
<!-- Generated by org.testng.reporters.JUnitReportReporter -->
<testsuite hostname="DESKTOP-3OCF0EL" failures="0" tests="1" name="co.fido.qa.selenium.TestCases.HomePageTest" time="4.920" errors="0" timestamp="26 Sep. 2020 21:56:05 GMT" skipped="0">
  <testcase classname="co.fido.qa.selenium.TestCases.HomePageTest" name="HomePageTest" time="4.920"/>
</testsuite> <!-- co.fido.qa.selenium.TestCases.HomePageTest -->
