<?xml version="1.0" encoding="UTF-8"?>
<!-- Generated by org.testng.reporters.JUnitReportReporter -->
<testsuite hostname="DESKTOP-3OCF0EL" failures="0" tests="1" name="co.fido.qa.selenium.TestCases.HomePageTest" time="5.123" errors="0" timestamp="22 Sep. 2020 10:58:28 GMT" skipped="0">
  <testcase classname="co.fido.qa.selenium.TestCases.HomePageTest" name="HomePageTest" time="5.123"/>
</testsuite> <!-- co.fido.qa.selenium.TestCases.HomePageTest -->
